[debug] [2023-03-08T10:06:28.139Z] ----------------------------------------------------------------------
[debug] [2023-03-08T10:06:28.142Z] Command:       C:\Program Files\nodejs\node.exe C:\Users\vahermih\AppData\Roaming\npm\node_modules\firebase-tools\lib\bin\firebase.js deploy
[debug] [2023-03-08T10:06:28.143Z] CLI Version:   11.23.1
[debug] [2023-03-08T10:06:28.143Z] Platform:      win32
[debug] [2023-03-08T10:06:28.143Z] Node Version:  v16.13.1
[debug] [2023-03-08T10:06:28.146Z] Time:          Wed Mar 08 2023 12:06:28 GMT+0200 (Ida-Euroopa standardaeg)
[debug] [2023-03-08T10:06:28.146Z] ----------------------------------------------------------------------
[debug] 
[debug] [2023-03-08T10:06:28.250Z] > command requires scopes: ["email","openid","https://www.googleapis.com/auth/cloudplatformprojects.readonly","https://www.googleapis.com/auth/firebase","https://www.googleapis.com/auth/cloud-platform"]
[debug] [2023-03-08T10:06:28.251Z] > authorizing via signed-in user (vahermihkel@gmail.com)
[debug] [2023-03-08T10:06:28.251Z] [iam] checking project react-mihkel-veebipood-02-23 for permissions ["firebase.projects.get","firebasehosting.sites.update"]
[debug] [2023-03-08T10:06:28.253Z] > refreshing access token with scopes: []
[debug] [2023-03-08T10:06:28.255Z] >>> [apiv2][query] POST https://www.googleapis.com/oauth2/v3/token [none]
[debug] [2023-03-08T10:06:28.255Z] >>> [apiv2][body] POST https://www.googleapis.com/oauth2/v3/token [omitted]
[debug] [2023-03-08T10:06:28.596Z] <<< [apiv2][status] POST https://www.googleapis.com/oauth2/v3/token 200
[debug] [2023-03-08T10:06:28.597Z] <<< [apiv2][body] POST https://www.googleapis.com/oauth2/v3/token [omitted]
[debug] [2023-03-08T10:06:28.609Z] >>> [apiv2][query] POST https://cloudresourcemanager.googleapis.com/v1/projects/react-mihkel-veebipood-02-23:testIamPermissions [none]
[debug] [2023-03-08T10:06:28.610Z] >>> [apiv2][(partial)header] POST https://cloudresourcemanager.googleapis.com/v1/projects/react-mihkel-veebipood-02-23:testIamPermissions x-goog-quota-user=projects/react-mihkel-veebipood-02-23
[debug] [2023-03-08T10:06:28.611Z] >>> [apiv2][body] POST https://cloudresourcemanager.googleapis.com/v1/projects/react-mihkel-veebipood-02-23:testIamPermissions {"permissions":["firebase.projects.get","firebasehosting.sites.update"]}
[debug] [2023-03-08T10:06:29.621Z] <<< [apiv2][status] POST https://cloudresourcemanager.googleapis.com/v1/projects/react-mihkel-veebipood-02-23:testIamPermissions 200
[debug] [2023-03-08T10:06:29.621Z] <<< [apiv2][body] POST https://cloudresourcemanager.googleapis.com/v1/projects/react-mihkel-veebipood-02-23:testIamPermissions {}
[debug] [2023-03-08T10:06:29.622Z] [iam] error while checking permissions, command may fail: FirebaseError: Authorization failed. This account is missing the following required permissions on project react-mihkel-veebipood-02-23:

  firebase.projects.get
  firebasehosting.sites.update
[debug] [2023-03-08T10:06:29.624Z] >>> [apiv2][query] GET https://firebase.googleapis.com/v1beta1/projects/react-mihkel-veebipood-02-23 [none]
[debug] [2023-03-08T10:06:30.167Z] <<< [apiv2][status] GET https://firebase.googleapis.com/v1beta1/projects/react-mihkel-veebipood-02-23 403
[debug] [2023-03-08T10:06:30.168Z] <<< [apiv2][body] GET https://firebase.googleapis.com/v1beta1/projects/react-mihkel-veebipood-02-23 {"error":{"code":403,"message":"The caller does not have permission","status":"PERMISSION_DENIED"}}
[debug] [2023-03-08T10:06:30.171Z] HTTP Error: 403, The caller does not have permission
[debug] [2023-03-08T10:06:30.182Z] FirebaseError: HTTP Error: 403, The caller does not have permission
    at responseToError (C:\Users\vahermih\AppData\Roaming\npm\node_modules\firebase-tools\lib\responseToError.js:49:12)
    at RetryOperation._fn (C:\Users\vahermih\AppData\Roaming\npm\node_modules\firebase-tools\lib\apiv2.js:288:77)
    at processTicksAndRejections (node:internal/process/task_queues:96:5)
[error] 
[error] Error: Failed to get Firebase project react-mihkel-veebipood-02-23. Please make sure the project exists and your account has permission to access it.
